<?xml version="1.0" encoding="UTF-8"?>
<!-- Generated by org.testng.reporters.JUnitXMLReporter -->
<testsuite ignored="3" hostname="Iquii" failures="0" tests="2" name="GroupsOfGroups" time="0.07" errors="0" timestamp="2021-05-08T10:26:00 IST">
  <testcase classname="com.maven.TestNG_Project.Grouping_Test" name="faceapp" time="0.011"/>
  <testcase classname="com.maven.TestNG_Project.Grouping_Test" name="whatsapp" time="0.001"/>
  <testcase classname="com.maven.TestNG_Project.Grouping_Test" name="laptop" time="0.0">
    <ignored/>
  </testcase> <!-- laptop -->
  <testcase classname="com.maven.TestNG_Project.Grouping_Test" name="earphones" time="0.0">
    <ignored/>
  </testcase> <!-- earphones -->
  <testcase classname="com.maven.TestNG_Project.Grouping_Test" name="mobile" time="0.0">
    <ignored/>
  </testcase> <!-- mobile -->
</testsuite> <!-- GroupsOfGroups -->
